{"/home/leonardo/Documents/JS/goBarber_typescript/mobile/src/components/Button/index.tsx": {"path":"/home/leonardo/Documents/JS/goBarber_typescript/mobile/src/components/Button/index.tsx","statementMap":{"0":{"start":{"line":10,"column":38},"end":{"line":14,"column":1}},"1":{"start":{"line":11,"column":4},"end":{"line":13,"column":16}}},"fnMap":{"0":{"name":"(anonymous_0)","decl":{"start":{"line":10,"column":38},"end":{"line":10,"column":39}},"loc":{"start":{"line":11,"column":4},"end":{"line":13,"column":16}},"line":11}},"branchMap":{},"s":{"0":1,"1":1},"f":{"0":1},"b":{},"_coverageSchema":"43e27e138ebf9cfc5966b082cf9a028302ed4184","hash":"fdcc1c343a779907663088eea46e449dac64d2b1"}
,"/home/leonardo/Documents/JS/goBarber_typescript/mobile/src/components/Input/index.tsx": {"path":"/home/leonardo/Documents/JS/goBarber_typescript/mobile/src/components/Input/index.tsx","statementMap":{"0":{"start":{"line":30,"column":66},"end":{"line":103,"column":1}},"1":{"start":{"line":34,"column":28},"end":{"line":34,"column":45}},"2":{"start":{"line":36,"column":67},"end":{"line":38,"column":5}},"3":{"start":{"line":39,"column":26},"end":{"line":39,"column":78}},"4":{"start":{"line":41,"column":38},"end":{"line":41,"column":53}},"5":{"start":{"line":42,"column":36},"end":{"line":42,"column":51}},"6":{"start":{"line":44,"column":29},"end":{"line":46,"column":10}},"7":{"start":{"line":45,"column":8},"end":{"line":45,"column":27}},"8":{"start":{"line":48,"column":28},"end":{"line":52,"column":10}},"9":{"start":{"line":49,"column":8},"end":{"line":49,"column":28}},"10":{"start":{"line":51,"column":8},"end":{"line":51,"column":51}},"11":{"start":{"line":54,"column":4},"end":{"line":58,"column":8}},"12":{"start":{"line":54,"column":36},"end":{"line":58,"column":5}},"13":{"start":{"line":56,"column":12},"end":{"line":56,"column":44}},"14":{"start":{"line":60,"column":4},"end":{"line":74,"column":35}},"15":{"start":{"line":61,"column":8},"end":{"line":73,"column":11}},"16":{"start":{"line":66,"column":16},"end":{"line":66,"column":52}},"17":{"start":{"line":67,"column":16},"end":{"line":67,"column":72}},"18":{"start":{"line":70,"column":16},"end":{"line":70,"column":49}},"19":{"start":{"line":71,"column":16},"end":{"line":71,"column":48}},"20":{"start":{"line":76,"column":4},"end":{"line":102,"column":6}},"21":{"start":{"line":97,"column":20},"end":{"line":97,"column":56}}},"fnMap":{"0":{"name":"(anonymous_0)","decl":{"start":{"line":30,"column":66},"end":{"line":30,"column":67}},"loc":{"start":{"line":33,"column":5},"end":{"line":103,"column":1}},"line":33},"1":{"name":"(anonymous_1)","decl":{"start":{"line":44,"column":41},"end":{"line":44,"column":42}},"loc":{"start":{"line":44,"column":47},"end":{"line":46,"column":5}},"line":44},"2":{"name":"(anonymous_2)","decl":{"start":{"line":48,"column":40},"end":{"line":48,"column":41}},"loc":{"start":{"line":48,"column":46},"end":{"line":52,"column":5}},"line":48},"3":{"name":"(anonymous_3)","decl":{"start":{"line":54,"column":29},"end":{"line":54,"column":30}},"loc":{"start":{"line":54,"column":36},"end":{"line":58,"column":5}},"line":54},"4":{"name":"(anonymous_4)","decl":{"start":{"line":55,"column":8},"end":{"line":55,"column":9}},"loc":{"start":{"line":55,"column":16},"end":{"line":57,"column":9}},"line":55},"5":{"name":"(anonymous_5)","decl":{"start":{"line":60,"column":14},"end":{"line":60,"column":15}},"loc":{"start":{"line":60,"column":20},"end":{"line":74,"column":5}},"line":60},"6":{"name":"(anonymous_6)","decl":{"start":{"line":65,"column":12},"end":{"line":65,"column":13}},"loc":{"start":{"line":65,"column":28},"end":{"line":68,"column":13}},"line":65},"7":{"name":"(anonymous_7)","decl":{"start":{"line":69,"column":12},"end":{"line":69,"column":13}},"loc":{"start":{"line":69,"column":25},"end":{"line":72,"column":13}},"line":69},"8":{"name":"(anonymous_8)","decl":{"start":{"line":96,"column":30},"end":{"line":96,"column":31}},"loc":{"start":{"line":96,"column":41},"end":{"line":98,"column":17}},"line":96}},"branchMap":{"0":{"loc":{"start":{"line":31,"column":18},"end":{"line":31,"column":37}},"type":"default-arg","locations":[{"start":{"line":31,"column":35},"end":{"line":31,"column":37}}],"line":31},"1":{"loc":{"start":{"line":36,"column":27},"end":{"line":36,"column":44}},"type":"default-arg","locations":[{"start":{"line":36,"column":42},"end":{"line":36,"column":44}}],"line":36},"2":{"loc":{"start":{"line":86,"column":20},"end":{"line":86,"column":77}},"type":"cond-expr","locations":[{"start":{"line":86,"column":56},"end":{"line":86,"column":65}},{"start":{"line":86,"column":68},"end":{"line":86,"column":77}}],"line":86},"3":{"loc":{"start":{"line":86,"column":20},"end":{"line":86,"column":53}},"type":"binary-expr","locations":[{"start":{"line":86,"column":20},"end":{"line":86,"column":29}},{"start":{"line":86,"column":34},"end":{"line":86,"column":42}},{"start":{"line":86,"column":46},"end":{"line":86,"column":52}}],"line":86}},"s":{"0":1,"1":2,"2":2,"3":2,"4":2,"5":2,"6":2,"7":0,"8":2,"9":0,"10":0,"11":2,"12":1,"13":0,"14":2,"15":2,"16":0,"17":0,"18":0,"19":0,"20":2,"21":0},"f":{"0":2,"1":0,"2":0,"3":1,"4":0,"5":2,"6":0,"7":0,"8":0},"b":{"0":[2],"1":[2],"2":[0,2],"3":[2,2,0]},"_coverageSchema":"43e27e138ebf9cfc5966b082cf9a028302ed4184","hash":"dd1c97d666dca3fcf4b0e4dc5604b4be7eedcc00"}
,"/home/leonardo/Documents/JS/goBarber_typescript/mobile/src/hooks/auth.tsx": {"path":"/home/leonardo/Documents/JS/goBarber_typescript/mobile/src/hooks/auth.tsx","statementMap":{"0":{"start":{"line":36,"column":20},"end":{"line":36,"column":73}},"1":{"start":{"line":38,"column":38},"end":{"line":103,"column":1}},"2":{"start":{"line":39,"column":28},"end":{"line":39,"column":64}},"3":{"start":{"line":40,"column":34},"end":{"line":40,"column":48}},"4":{"start":{"line":42,"column":4},"end":{"line":58,"column":11}},"5":{"start":{"line":44,"column":34},"end":{"line":47,"column":14}},"6":{"start":{"line":49,"column":12},"end":{"line":52,"column":13}},"7":{"start":{"line":50,"column":16},"end":{"line":50,"column":74}},"8":{"start":{"line":51,"column":16},"end":{"line":51,"column":72}},"9":{"start":{"line":54,"column":12},"end":{"line":54,"column":30}},"10":{"start":{"line":57,"column":8},"end":{"line":57,"column":26}},"11":{"start":{"line":60,"column":19},"end":{"line":76,"column":10}},"12":{"start":{"line":61,"column":25},"end":{"line":64,"column":10}},"13":{"start":{"line":66,"column":32},"end":{"line":66,"column":45}},"14":{"start":{"line":68,"column":8},"end":{"line":71,"column":11}},"15":{"start":{"line":73,"column":8},"end":{"line":73,"column":63}},"16":{"start":{"line":75,"column":8},"end":{"line":75,"column":33}},"17":{"start":{"line":78,"column":20},"end":{"line":82,"column":10}},"18":{"start":{"line":79,"column":8},"end":{"line":79,"column":78}},"19":{"start":{"line":81,"column":8},"end":{"line":81,"column":33}},"20":{"start":{"line":84,"column":23},"end":{"line":94,"column":5}},"21":{"start":{"line":86,"column":12},"end":{"line":86,"column":79}},"22":{"start":{"line":88,"column":12},"end":{"line":91,"column":15}},"23":{"start":{"line":96,"column":4},"end":{"line":102,"column":6}},"24":{"start":{"line":106,"column":20},"end":{"line":106,"column":43}},"25":{"start":{"line":108,"column":4},"end":{"line":110,"column":5}},"26":{"start":{"line":109,"column":8},"end":{"line":109,"column":71}},"27":{"start":{"line":112,"column":4},"end":{"line":112,"column":19}}},"fnMap":{"0":{"name":"(anonymous_0)","decl":{"start":{"line":38,"column":38},"end":{"line":38,"column":39}},"loc":{"start":{"line":38,"column":56},"end":{"line":103,"column":1}},"line":38},"1":{"name":"(anonymous_1)","decl":{"start":{"line":42,"column":14},"end":{"line":42,"column":15}},"loc":{"start":{"line":42,"column":20},"end":{"line":58,"column":5}},"line":42},"2":{"name":"loadStorageData","decl":{"start":{"line":43,"column":23},"end":{"line":43,"column":38}},"loc":{"start":{"line":43,"column":56},"end":{"line":55,"column":9}},"line":43},"3":{"name":"(anonymous_3)","decl":{"start":{"line":60,"column":31},"end":{"line":60,"column":32}},"loc":{"start":{"line":60,"column":62},"end":{"line":76,"column":5}},"line":60},"4":{"name":"(anonymous_4)","decl":{"start":{"line":78,"column":32},"end":{"line":78,"column":33}},"loc":{"start":{"line":78,"column":44},"end":{"line":82,"column":5}},"line":78},"5":{"name":"(anonymous_5)","decl":{"start":{"line":85,"column":8},"end":{"line":85,"column":9}},"loc":{"start":{"line":85,"column":30},"end":{"line":92,"column":9}},"line":85},"6":{"name":"useAuth","decl":{"start":{"line":105,"column":16},"end":{"line":105,"column":23}},"loc":{"start":{"line":105,"column":43},"end":{"line":113,"column":1}},"line":105}},"branchMap":{"0":{"loc":{"start":{"line":49,"column":12},"end":{"line":52,"column":13}},"type":"if","locations":[{"start":{"line":49,"column":12},"end":{"line":52,"column":13}},{"start":{"line":49,"column":12},"end":{"line":52,"column":13}}],"line":49},"1":{"loc":{"start":{"line":49,"column":16},"end":{"line":49,"column":35}},"type":"binary-expr","locations":[{"start":{"line":49,"column":16},"end":{"line":49,"column":24}},{"start":{"line":49,"column":28},"end":{"line":49,"column":35}}],"line":49},"2":{"loc":{"start":{"line":108,"column":4},"end":{"line":110,"column":5}},"type":"if","locations":[{"start":{"line":108,"column":4},"end":{"line":110,"column":5}},{"start":{"line":108,"column":4},"end":{"line":110,"column":5}}],"line":108}},"s":{"0":1,"1":1,"2":0,"3":0,"4":0,"5":0,"6":0,"7":0,"8":0,"9":0,"10":0,"11":0,"12":0,"13":0,"14":0,"15":0,"16":0,"17":0,"18":0,"19":0,"20":0,"21":0,"22":0,"23":0,"24":1,"25":1,"26":0,"27":1},"f":{"0":0,"1":0,"2":0,"3":0,"4":0,"5":0,"6":1},"b":{"0":[0,0],"1":[0,0],"2":[0,1]},"_coverageSchema":"43e27e138ebf9cfc5966b082cf9a028302ed4184","hash":"ef19ec740a983c9939d751090911c4680a822d4f"}
,"/home/leonardo/Documents/JS/goBarber_typescript/mobile/src/pages/AppointmentCreated/index.tsx": {"path":"/home/leonardo/Documents/JS/goBarber_typescript/mobile/src/pages/AppointmentCreated/index.tsx","statementMap":{"0":{"start":{"line":20,"column":37},"end":{"line":59,"column":1}},"1":{"start":{"line":21,"column":22},"end":{"line":21,"column":37}},"2":{"start":{"line":22,"column":23},"end":{"line":22,"column":33}},"3":{"start":{"line":24,"column":24},"end":{"line":24,"column":45}},"4":{"start":{"line":26,"column":28},"end":{"line":35,"column":15}},"5":{"start":{"line":27,"column":8},"end":{"line":34,"column":11}},"6":{"start":{"line":37,"column":26},"end":{"line":47,"column":5}},"7":{"start":{"line":39,"column":12},"end":{"line":45,"column":13}},"8":{"start":{"line":49,"column":4},"end":{"line":58,"column":6}}},"fnMap":{"0":{"name":"(anonymous_0)","decl":{"start":{"line":20,"column":37},"end":{"line":20,"column":38}},"loc":{"start":{"line":20,"column":43},"end":{"line":59,"column":1}},"line":20},"1":{"name":"(anonymous_1)","decl":{"start":{"line":26,"column":40},"end":{"line":26,"column":41}},"loc":{"start":{"line":26,"column":46},"end":{"line":35,"column":5}},"line":26},"2":{"name":"(anonymous_2)","decl":{"start":{"line":38,"column":8},"end":{"line":38,"column":9}},"loc":{"start":{"line":39,"column":12},"end":{"line":45,"column":13}},"line":39}},"branchMap":{},"s":{"0":0,"1":0,"2":0,"3":0,"4":0,"5":0,"6":0,"7":0,"8":0},"f":{"0":0,"1":0,"2":0},"b":{},"hash":"740e205f8ff29a10344d79aadb78c0a11e429377"}
,"/home/leonardo/Documents/JS/goBarber_typescript/mobile/src/pages/CreateAppointment/index.tsx": {"path":"/home/leonardo/Documents/JS/goBarber_typescript/mobile/src/pages/CreateAppointment/index.tsx","statementMap":{"0":{"start":{"line":53,"column":36},"end":{"line":265,"column":1}},"1":{"start":{"line":54,"column":18},"end":{"line":54,"column":28}},"2":{"start":{"line":55,"column":24},"end":{"line":55,"column":51}},"3":{"start":{"line":57,"column":33},"end":{"line":57,"column":48}},"4":{"start":{"line":59,"column":21},"end":{"line":59,"column":30}},"5":{"start":{"line":61,"column":44},"end":{"line":61,"column":76}},"6":{"start":{"line":62,"column":48},"end":{"line":62,"column":63}},"7":{"start":{"line":63,"column":44},"end":{"line":63,"column":64}},"8":{"start":{"line":64,"column":44},"end":{"line":64,"column":55}},"9":{"start":{"line":65,"column":38},"end":{"line":65,"column":62}},"10":{"start":{"line":66,"column":52},"end":{"line":68,"column":5}},"11":{"start":{"line":70,"column":4},"end":{"line":74,"column":11}},"12":{"start":{"line":71,"column":8},"end":{"line":73,"column":11}},"13":{"start":{"line":72,"column":12},"end":{"line":72,"column":40}},"14":{"start":{"line":76,"column":4},"end":{"line":86,"column":41}},"15":{"start":{"line":77,"column":8},"end":{"line":85,"column":11}},"16":{"start":{"line":84,"column":12},"end":{"line":84,"column":43}},"17":{"start":{"line":88,"column":25},"end":{"line":90,"column":16}},"18":{"start":{"line":89,"column":8},"end":{"line":89,"column":17}},"19":{"start":{"line":92,"column":33},"end":{"line":94,"column":10}},"20":{"start":{"line":93,"column":8},"end":{"line":93,"column":40}},"21":{"start":{"line":96,"column":35},"end":{"line":98,"column":10}},"22":{"start":{"line":97,"column":8},"end":{"line":97,"column":43}},"23":{"start":{"line":97,"column":36},"end":{"line":97,"column":41}},"24":{"start":{"line":100,"column":29},"end":{"line":105,"column":10}},"25":{"start":{"line":101,"column":8},"end":{"line":103,"column":9}},"26":{"start":{"line":102,"column":12},"end":{"line":102,"column":37}},"27":{"start":{"line":104,"column":8},"end":{"line":104,"column":40}},"28":{"start":{"line":104,"column":18},"end":{"line":104,"column":40}},"29":{"start":{"line":107,"column":32},"end":{"line":115,"column":22}},"30":{"start":{"line":108,"column":8},"end":{"line":114,"column":16}},"31":{"start":{"line":109,"column":34},"end":{"line":109,"column":43}},"32":{"start":{"line":110,"column":43},"end":{"line":114,"column":13}},"33":{"start":{"line":117,"column":34},"end":{"line":125,"column":22}},"34":{"start":{"line":118,"column":8},"end":{"line":124,"column":16}},"35":{"start":{"line":119,"column":34},"end":{"line":119,"column":44}},"36":{"start":{"line":120,"column":43},"end":{"line":124,"column":13}},"37":{"start":{"line":127,"column":29},"end":{"line":129,"column":10}},"38":{"start":{"line":128,"column":8},"end":{"line":128,"column":30}},"39":{"start":{"line":131,"column":36},"end":{"line":150,"column":64}},"40":{"start":{"line":132,"column":8},"end":{"line":149,"column":9}},"41":{"start":{"line":133,"column":25},"end":{"line":133,"column":47}},"42":{"start":{"line":135,"column":12},"end":{"line":135,"column":40}},"43":{"start":{"line":136,"column":12},"end":{"line":136,"column":31}},"44":{"start":{"line":138,"column":12},"end":{"line":141,"column":15}},"45":{"start":{"line":143,"column":12},"end":{"line":143,"column":69}},"46":{"start":{"line":145,"column":12},"end":{"line":148,"column":14}},"47":{"start":{"line":152,"column":4},"end":{"line":264,"column":6}},"48":{"start":{"line":169,"column":52},"end":{"line":169,"column":63}},"49":{"start":{"line":171,"column":28},"end":{"line":185,"column":48}},"50":{"start":{"line":173,"column":36},"end":{"line":173,"column":69}},"51":{"start":{"line":216,"column":36},"end":{"line":227,"column":43}},"52":{"start":{"line":220,"column":55},"end":{"line":220,"column":77}},"53":{"start":{"line":238,"column":36},"end":{"line":250,"column":43}},"54":{"start":{"line":243,"column":55},"end":{"line":243,"column":77}}},"fnMap":{"0":{"name":"(anonymous_0)","decl":{"start":{"line":53,"column":36},"end":{"line":53,"column":37}},"loc":{"start":{"line":53,"column":42},"end":{"line":265,"column":1}},"line":53},"1":{"name":"(anonymous_1)","decl":{"start":{"line":70,"column":14},"end":{"line":70,"column":15}},"loc":{"start":{"line":70,"column":20},"end":{"line":74,"column":5}},"line":70},"2":{"name":"(anonymous_2)","decl":{"start":{"line":71,"column":34},"end":{"line":71,"column":35}},"loc":{"start":{"line":71,"column":48},"end":{"line":73,"column":9}},"line":71},"3":{"name":"(anonymous_3)","decl":{"start":{"line":76,"column":14},"end":{"line":76,"column":15}},"loc":{"start":{"line":76,"column":20},"end":{"line":86,"column":5}},"line":76},"4":{"name":"(anonymous_4)","decl":{"start":{"line":83,"column":16},"end":{"line":83,"column":17}},"loc":{"start":{"line":83,"column":30},"end":{"line":85,"column":9}},"line":83},"5":{"name":"(anonymous_5)","decl":{"start":{"line":88,"column":37},"end":{"line":88,"column":38}},"loc":{"start":{"line":88,"column":43},"end":{"line":90,"column":5}},"line":88},"6":{"name":"(anonymous_6)","decl":{"start":{"line":92,"column":45},"end":{"line":92,"column":46}},"loc":{"start":{"line":92,"column":69},"end":{"line":94,"column":5}},"line":92},"7":{"name":"(anonymous_7)","decl":{"start":{"line":96,"column":47},"end":{"line":96,"column":48}},"loc":{"start":{"line":96,"column":53},"end":{"line":98,"column":5}},"line":96},"8":{"name":"(anonymous_8)","decl":{"start":{"line":97,"column":26},"end":{"line":97,"column":27}},"loc":{"start":{"line":97,"column":36},"end":{"line":97,"column":41}},"line":97},"9":{"name":"(anonymous_9)","decl":{"start":{"line":100,"column":41},"end":{"line":100,"column":42}},"loc":{"start":{"line":100,"column":77},"end":{"line":105,"column":5}},"line":100},"10":{"name":"(anonymous_10)","decl":{"start":{"line":107,"column":40},"end":{"line":107,"column":41}},"loc":{"start":{"line":107,"column":46},"end":{"line":115,"column":5}},"line":107},"11":{"name":"(anonymous_11)","decl":{"start":{"line":109,"column":20},"end":{"line":109,"column":21}},"loc":{"start":{"line":109,"column":34},"end":{"line":109,"column":43}},"line":109},"12":{"name":"(anonymous_12)","decl":{"start":{"line":110,"column":17},"end":{"line":110,"column":18}},"loc":{"start":{"line":110,"column":43},"end":{"line":114,"column":13}},"line":110},"13":{"name":"(anonymous_13)","decl":{"start":{"line":117,"column":42},"end":{"line":117,"column":43}},"loc":{"start":{"line":117,"column":48},"end":{"line":125,"column":5}},"line":117},"14":{"name":"(anonymous_14)","decl":{"start":{"line":119,"column":20},"end":{"line":119,"column":21}},"loc":{"start":{"line":119,"column":34},"end":{"line":119,"column":44}},"line":119},"15":{"name":"(anonymous_15)","decl":{"start":{"line":120,"column":17},"end":{"line":120,"column":18}},"loc":{"start":{"line":120,"column":43},"end":{"line":124,"column":13}},"line":120},"16":{"name":"(anonymous_16)","decl":{"start":{"line":127,"column":41},"end":{"line":127,"column":42}},"loc":{"start":{"line":127,"column":59},"end":{"line":129,"column":5}},"line":127},"17":{"name":"(anonymous_17)","decl":{"start":{"line":131,"column":48},"end":{"line":131,"column":49}},"loc":{"start":{"line":131,"column":60},"end":{"line":150,"column":5}},"line":131},"18":{"name":"(anonymous_18)","decl":{"start":{"line":169,"column":38},"end":{"line":169,"column":39}},"loc":{"start":{"line":169,"column":52},"end":{"line":169,"column":63}},"line":169},"19":{"name":"(anonymous_19)","decl":{"start":{"line":170,"column":36},"end":{"line":170,"column":37}},"loc":{"start":{"line":171,"column":28},"end":{"line":185,"column":48}},"line":171},"20":{"name":"(anonymous_20)","decl":{"start":{"line":172,"column":41},"end":{"line":172,"column":42}},"loc":{"start":{"line":173,"column":36},"end":{"line":173,"column":69}},"line":173},"21":{"name":"(anonymous_21)","decl":{"start":{"line":215,"column":32},"end":{"line":215,"column":33}},"loc":{"start":{"line":216,"column":36},"end":{"line":227,"column":43}},"line":216},"22":{"name":"(anonymous_22)","decl":{"start":{"line":220,"column":49},"end":{"line":220,"column":50}},"loc":{"start":{"line":220,"column":55},"end":{"line":220,"column":77}},"line":220},"23":{"name":"(anonymous_23)","decl":{"start":{"line":237,"column":32},"end":{"line":237,"column":33}},"loc":{"start":{"line":238,"column":36},"end":{"line":250,"column":43}},"line":238},"24":{"name":"(anonymous_24)","decl":{"start":{"line":243,"column":49},"end":{"line":243,"column":50}},"loc":{"start":{"line":243,"column":55},"end":{"line":243,"column":77}},"line":243}},"branchMap":{"0":{"loc":{"start":{"line":101,"column":8},"end":{"line":103,"column":9}},"type":"if","locations":[{"start":{"line":101,"column":8},"end":{"line":103,"column":9}},{"start":{"line":101,"column":8},"end":{"line":103,"column":9}}],"line":101},"1":{"loc":{"start":{"line":104,"column":8},"end":{"line":104,"column":40}},"type":"if","locations":[{"start":{"line":104,"column":8},"end":{"line":104,"column":40}},{"start":{"line":104,"column":8},"end":{"line":104,"column":40}}],"line":104},"2":{"loc":{"start":{"line":198,"column":21},"end":{"line":206,"column":21}},"type":"binary-expr","locations":[{"start":{"line":198,"column":21},"end":{"line":198,"column":35}},{"start":{"line":199,"column":24},"end":{"line":205,"column":26}}],"line":198}},"s":{"0":0,"1":0,"2":0,"3":0,"4":0,"5":0,"6":0,"7":0,"8":0,"9":0,"10":0,"11":0,"12":0,"13":0,"14":0,"15":0,"16":0,"17":0,"18":0,"19":0,"20":0,"21":0,"22":0,"23":0,"24":0,"25":0,"26":0,"27":0,"28":0,"29":0,"30":0,"31":0,"32":0,"33":0,"34":0,"35":0,"36":0,"37":0,"38":0,"39":0,"40":0,"41":0,"42":0,"43":0,"44":0,"45":0,"46":0,"47":0,"48":0,"49":0,"50":0,"51":0,"52":0,"53":0,"54":0},"f":{"0":0,"1":0,"2":0,"3":0,"4":0,"5":0,"6":0,"7":0,"8":0,"9":0,"10":0,"11":0,"12":0,"13":0,"14":0,"15":0,"16":0,"17":0,"18":0,"19":0,"20":0,"21":0,"22":0,"23":0,"24":0},"b":{"0":[0,0],"1":[0,0],"2":[0,0]},"hash":"72d4f7205d9fd58d2c7efa4c20e0ab01aea3e34e"}
,"/home/leonardo/Documents/JS/goBarber_typescript/mobile/src/pages/Dashboard/index.tsx": {"path":"/home/leonardo/Documents/JS/goBarber_typescript/mobile/src/pages/Dashboard/index.tsx","statementMap":{"0":{"start":{"line":31,"column":28},"end":{"line":101,"column":1}},"1":{"start":{"line":32,"column":38},"end":{"line":32,"column":62}},"2":{"start":{"line":33,"column":30},"end":{"line":33,"column":39}},"3":{"start":{"line":34,"column":25},"end":{"line":34,"column":40}},"4":{"start":{"line":36,"column":30},"end":{"line":38,"column":18}},"5":{"start":{"line":37,"column":8},"end":{"line":37,"column":28}},"6":{"start":{"line":40,"column":4},"end":{"line":44,"column":7}},"7":{"start":{"line":41,"column":8},"end":{"line":43,"column":11}},"8":{"start":{"line":42,"column":12},"end":{"line":42,"column":40}},"9":{"start":{"line":46,"column":40},"end":{"line":51,"column":5}},"10":{"start":{"line":48,"column":12},"end":{"line":48,"column":58}},"11":{"start":{"line":53,"column":4},"end":{"line":100,"column":6}},"12":{"start":{"line":68,"column":44},"end":{"line":68,"column":55}},"13":{"start":{"line":73,"column":20},"end":{"line":96,"column":40}},"14":{"start":{"line":74,"column":39},"end":{"line":74,"column":79}}},"fnMap":{"0":{"name":"(anonymous_0)","decl":{"start":{"line":31,"column":28},"end":{"line":31,"column":29}},"loc":{"start":{"line":31,"column":34},"end":{"line":101,"column":1}},"line":31},"1":{"name":"(anonymous_1)","decl":{"start":{"line":36,"column":42},"end":{"line":36,"column":43}},"loc":{"start":{"line":36,"column":48},"end":{"line":38,"column":5}},"line":36},"2":{"name":"(anonymous_2)","decl":{"start":{"line":40,"column":14},"end":{"line":40,"column":15}},"loc":{"start":{"line":40,"column":20},"end":{"line":44,"column":5}},"line":40},"3":{"name":"(anonymous_3)","decl":{"start":{"line":41,"column":34},"end":{"line":41,"column":35}},"loc":{"start":{"line":41,"column":48},"end":{"line":43,"column":9}},"line":41},"4":{"name":"(anonymous_4)","decl":{"start":{"line":47,"column":8},"end":{"line":47,"column":9}},"loc":{"start":{"line":47,"column":32},"end":{"line":49,"column":9}},"line":47},"5":{"name":"(anonymous_5)","decl":{"start":{"line":68,"column":30},"end":{"line":68,"column":31}},"loc":{"start":{"line":68,"column":44},"end":{"line":68,"column":55}},"line":68},"6":{"name":"(anonymous_6)","decl":{"start":{"line":72,"column":28},"end":{"line":72,"column":29}},"loc":{"start":{"line":73,"column":20},"end":{"line":96,"column":40}},"line":73},"7":{"name":"(anonymous_7)","decl":{"start":{"line":74,"column":33},"end":{"line":74,"column":34}},"loc":{"start":{"line":74,"column":39},"end":{"line":74,"column":79}},"line":74}},"branchMap":{},"s":{"0":0,"1":0,"2":0,"3":0,"4":0,"5":0,"6":0,"7":0,"8":0,"9":0,"10":0,"11":0,"12":0,"13":0,"14":0},"f":{"0":0,"1":0,"2":0,"3":0,"4":0,"5":0,"6":0,"7":0},"b":{},"hash":"bf9a4b68c5926453f34bff694ccd2c318072ecea"}
,"/home/leonardo/Documents/JS/goBarber_typescript/mobile/src/pages/Profile/index.tsx": {"path":"/home/leonardo/Documents/JS/goBarber_typescript/mobile/src/pages/Profile/index.tsx","statementMap":{"0":{"start":{"line":41,"column":26},"end":{"line":266,"column":1}},"1":{"start":{"line":42,"column":33},"end":{"line":42,"column":42}},"2":{"start":{"line":44,"column":20},"end":{"line":44,"column":45}},"3":{"start":{"line":45,"column":26},"end":{"line":45,"column":49}},"4":{"start":{"line":46,"column":29},"end":{"line":46,"column":52}},"5":{"start":{"line":47,"column":32},"end":{"line":47,"column":55}},"6":{"start":{"line":48,"column":36},"end":{"line":48,"column":59}},"7":{"start":{"line":50,"column":23},"end":{"line":50,"column":38}},"8":{"start":{"line":52,"column":31},"end":{"line":81,"column":29}},"9":{"start":{"line":53,"column":8},"end":{"line":80,"column":10}},"10":{"start":{"line":61,"column":16},"end":{"line":63,"column":17}},"11":{"start":{"line":62,"column":20},"end":{"line":62,"column":27}},"12":{"start":{"line":64,"column":16},"end":{"line":67,"column":17}},"13":{"start":{"line":65,"column":20},"end":{"line":65,"column":64}},"14":{"start":{"line":66,"column":20},"end":{"line":66,"column":27}},"15":{"start":{"line":68,"column":29},"end":{"line":68,"column":43}},"16":{"start":{"line":70,"column":16},"end":{"line":74,"column":19}},"17":{"start":{"line":76,"column":16},"end":{"line":78,"column":19}},"18":{"start":{"line":77,"column":20},"end":{"line":77,"column":49}},"19":{"start":{"line":83,"column":26},"end":{"line":158,"column":5}},"20":{"start":{"line":85,"column":12},"end":{"line":155,"column":13}},"21":{"start":{"line":86,"column":16},"end":{"line":86,"column":47}},"22":{"start":{"line":88,"column":31},"end":{"line":109,"column":18}},"23":{"start":{"line":95,"column":37},"end":{"line":95,"column":49}},"24":{"start":{"line":101,"column":41},"end":{"line":101,"column":53}},"25":{"start":{"line":111,"column":16},"end":{"line":113,"column":19}},"26":{"start":{"line":121,"column":20},"end":{"line":121,"column":24}},"27":{"start":{"line":123,"column":33},"end":{"line":133,"column":17}},"28":{"start":{"line":135,"column":33},"end":{"line":135,"column":67}},"29":{"start":{"line":137,"column":16},"end":{"line":137,"column":42}},"30":{"start":{"line":139,"column":16},"end":{"line":139,"column":62}},"31":{"start":{"line":141,"column":16},"end":{"line":141,"column":36}},"32":{"start":{"line":143,"column":16},"end":{"line":149,"column":17}},"33":{"start":{"line":144,"column":35},"end":{"line":144,"column":59}},"34":{"start":{"line":146,"column":20},"end":{"line":146,"column":55}},"35":{"start":{"line":148,"column":20},"end":{"line":148,"column":27}},"36":{"start":{"line":151,"column":16},"end":{"line":154,"column":18}},"37":{"start":{"line":160,"column":25},"end":{"line":162,"column":20}},"38":{"start":{"line":161,"column":8},"end":{"line":161,"column":28}},"39":{"start":{"line":164,"column":4},"end":{"line":265,"column":6}},"40":{"start":{"line":202,"column":36},"end":{"line":202,"column":67}},"41":{"start":{"line":215,"column":36},"end":{"line":215,"column":73}},"42":{"start":{"line":228,"column":36},"end":{"line":228,"column":70}},"43":{"start":{"line":240,"column":36},"end":{"line":240,"column":77}},"44":{"start":{"line":252,"column":36},"end":{"line":252,"column":66}},"45":{"start":{"line":256,"column":47},"end":{"line":256,"column":76}}},"fnMap":{"0":{"name":"(anonymous_0)","decl":{"start":{"line":41,"column":26},"end":{"line":41,"column":27}},"loc":{"start":{"line":41,"column":32},"end":{"line":266,"column":1}},"line":41},"1":{"name":"(anonymous_1)","decl":{"start":{"line":52,"column":43},"end":{"line":52,"column":44}},"loc":{"start":{"line":52,"column":49},"end":{"line":81,"column":5}},"line":52},"2":{"name":"(anonymous_2)","decl":{"start":{"line":60,"column":12},"end":{"line":60,"column":13}},"loc":{"start":{"line":60,"column":26},"end":{"line":79,"column":13}},"line":60},"3":{"name":"(anonymous_3)","decl":{"start":{"line":76,"column":53},"end":{"line":76,"column":54}},"loc":{"start":{"line":76,"column":70},"end":{"line":78,"column":17}},"line":76},"4":{"name":"(anonymous_4)","decl":{"start":{"line":84,"column":8},"end":{"line":84,"column":9}},"loc":{"start":{"line":84,"column":41},"end":{"line":156,"column":9}},"line":84},"5":{"name":"(anonymous_5)","decl":{"start":{"line":95,"column":28},"end":{"line":95,"column":29}},"loc":{"start":{"line":95,"column":37},"end":{"line":95,"column":49}},"line":95},"6":{"name":"(anonymous_6)","decl":{"start":{"line":101,"column":32},"end":{"line":101,"column":33}},"loc":{"start":{"line":101,"column":41},"end":{"line":101,"column":53}},"line":101},"7":{"name":"(anonymous_7)","decl":{"start":{"line":160,"column":37},"end":{"line":160,"column":38}},"loc":{"start":{"line":160,"column":43},"end":{"line":162,"column":5}},"line":160},"8":{"name":"(anonymous_8)","decl":{"start":{"line":201,"column":49},"end":{"line":201,"column":50}},"loc":{"start":{"line":201,"column":55},"end":{"line":203,"column":33}},"line":201},"9":{"name":"(anonymous_9)","decl":{"start":{"line":214,"column":49},"end":{"line":214,"column":50}},"loc":{"start":{"line":214,"column":55},"end":{"line":216,"column":33}},"line":214},"10":{"name":"(anonymous_10)","decl":{"start":{"line":227,"column":49},"end":{"line":227,"column":50}},"loc":{"start":{"line":227,"column":55},"end":{"line":229,"column":33}},"line":227},"11":{"name":"(anonymous_11)","decl":{"start":{"line":239,"column":49},"end":{"line":239,"column":50}},"loc":{"start":{"line":239,"column":55},"end":{"line":241,"column":33}},"line":239},"12":{"name":"(anonymous_12)","decl":{"start":{"line":251,"column":49},"end":{"line":251,"column":50}},"loc":{"start":{"line":251,"column":55},"end":{"line":253,"column":33}},"line":251},"13":{"name":"(anonymous_13)","decl":{"start":{"line":256,"column":41},"end":{"line":256,"column":42}},"loc":{"start":{"line":256,"column":47},"end":{"line":256,"column":76}},"line":256}},"branchMap":{"0":{"loc":{"start":{"line":61,"column":16},"end":{"line":63,"column":17}},"type":"if","locations":[{"start":{"line":61,"column":16},"end":{"line":63,"column":17}},{"start":{"line":61,"column":16},"end":{"line":63,"column":17}}],"line":61},"1":{"loc":{"start":{"line":64,"column":16},"end":{"line":67,"column":17}},"type":"if","locations":[{"start":{"line":64,"column":16},"end":{"line":67,"column":17}},{"start":{"line":64,"column":16},"end":{"line":67,"column":17}}],"line":64},"2":{"loc":{"start":{"line":126,"column":24},"end":{"line":132,"column":28}},"type":"cond-expr","locations":[{"start":{"line":127,"column":26},"end":{"line":131,"column":27}},{"start":{"line":132,"column":26},"end":{"line":132,"column":28}}],"line":126},"3":{"loc":{"start":{"line":143,"column":16},"end":{"line":149,"column":17}},"type":"if","locations":[{"start":{"line":143,"column":16},"end":{"line":149,"column":17}},{"start":{"line":143,"column":16},"end":{"line":149,"column":17}}],"line":143},"4":{"loc":{"start":{"line":168,"column":26},"end":{"line":168,"column":71}},"type":"cond-expr","locations":[{"start":{"line":168,"column":50},"end":{"line":168,"column":59}},{"start":{"line":168,"column":62},"end":{"line":168,"column":71}}],"line":168}},"s":{"0":0,"1":0,"2":0,"3":0,"4":0,"5":0,"6":0,"7":0,"8":0,"9":0,"10":0,"11":0,"12":0,"13":0,"14":0,"15":0,"16":0,"17":0,"18":0,"19":0,"20":0,"21":0,"22":0,"23":0,"24":0,"25":0,"26":0,"27":0,"28":0,"29":0,"30":0,"31":0,"32":0,"33":0,"34":0,"35":0,"36":0,"37":0,"38":0,"39":0,"40":0,"41":0,"42":0,"43":0,"44":0,"45":0},"f":{"0":0,"1":0,"2":0,"3":0,"4":0,"5":0,"6":0,"7":0,"8":0,"9":0,"10":0,"11":0,"12":0,"13":0},"b":{"0":[0,0],"1":[0,0],"2":[0,0],"3":[0,0],"4":[0,0]},"hash":"735ef0783a7a771b0e1e1dacb53f21a3fb6e02af"}
,"/home/leonardo/Documents/JS/goBarber_typescript/mobile/src/pages/SignIn/index.tsx": {"path":"/home/leonardo/Documents/JS/goBarber_typescript/mobile/src/pages/SignIn/index.tsx","statementMap":{"0":{"start":{"line":40,"column":25},"end":{"line":155,"column":1}},"1":{"start":{"line":41,"column":20},"end":{"line":41,"column":45}},"2":{"start":{"line":42,"column":29},"end":{"line":42,"column":52}},"3":{"start":{"line":44,"column":23},"end":{"line":44,"column":38}},"4":{"start":{"line":46,"column":23},"end":{"line":46,"column":32}},"5":{"start":{"line":48,"column":25},"end":{"line":82,"column":5}},"6":{"start":{"line":50,"column":12},"end":{"line":79,"column":13}},"7":{"start":{"line":51,"column":16},"end":{"line":51,"column":47}},"8":{"start":{"line":53,"column":31},"end":{"line":58,"column":18}},"9":{"start":{"line":60,"column":16},"end":{"line":62,"column":19}},"10":{"start":{"line":64,"column":16},"end":{"line":67,"column":19}},"11":{"start":{"line":69,"column":16},"end":{"line":73,"column":17}},"12":{"start":{"line":70,"column":35},"end":{"line":70,"column":59}},"13":{"start":{"line":71,"column":20},"end":{"line":71,"column":55}},"14":{"start":{"line":72,"column":20},"end":{"line":72,"column":27}},"15":{"start":{"line":75,"column":16},"end":{"line":78,"column":18}},"16":{"start":{"line":84,"column":4},"end":{"line":154,"column":6}},"17":{"start":{"line":112,"column":36},"end":{"line":112,"column":70}},"18":{"start":{"line":123,"column":36},"end":{"line":123,"column":66}},"19":{"start":{"line":128,"column":36},"end":{"line":128,"column":66}},"20":{"start":{"line":137,"column":32},"end":{"line":137,"column":56}},"21":{"start":{"line":147,"column":48},"end":{"line":147,"column":77}}},"fnMap":{"0":{"name":"(anonymous_0)","decl":{"start":{"line":40,"column":25},"end":{"line":40,"column":26}},"loc":{"start":{"line":40,"column":31},"end":{"line":155,"column":1}},"line":40},"1":{"name":"(anonymous_1)","decl":{"start":{"line":49,"column":8},"end":{"line":49,"column":9}},"loc":{"start":{"line":49,"column":40},"end":{"line":80,"column":9}},"line":49},"2":{"name":"(anonymous_2)","decl":{"start":{"line":111,"column":49},"end":{"line":111,"column":50}},"loc":{"start":{"line":111,"column":55},"end":{"line":113,"column":33}},"line":111},"3":{"name":"(anonymous_3)","decl":{"start":{"line":122,"column":49},"end":{"line":122,"column":50}},"loc":{"start":{"line":122,"column":55},"end":{"line":124,"column":33}},"line":122},"4":{"name":"(anonymous_4)","decl":{"start":{"line":127,"column":41},"end":{"line":127,"column":42}},"loc":{"start":{"line":127,"column":47},"end":{"line":129,"column":33}},"line":127},"5":{"name":"(anonymous_5)","decl":{"start":{"line":136,"column":37},"end":{"line":136,"column":38}},"loc":{"start":{"line":136,"column":43},"end":{"line":138,"column":29}},"line":136},"6":{"name":"(anonymous_6)","decl":{"start":{"line":147,"column":42},"end":{"line":147,"column":43}},"loc":{"start":{"line":147,"column":48},"end":{"line":147,"column":77}},"line":147}},"branchMap":{"0":{"loc":{"start":{"line":69,"column":16},"end":{"line":73,"column":17}},"type":"if","locations":[{"start":{"line":69,"column":16},"end":{"line":73,"column":17}},{"start":{"line":69,"column":16},"end":{"line":73,"column":17}}],"line":69},"1":{"loc":{"start":{"line":88,"column":26},"end":{"line":88,"column":71}},"type":"cond-expr","locations":[{"start":{"line":88,"column":50},"end":{"line":88,"column":59}},{"start":{"line":88,"column":62},"end":{"line":88,"column":71}}],"line":88}},"s":{"0":1,"1":1,"2":1,"3":1,"4":1,"5":1,"6":0,"7":0,"8":0,"9":0,"10":0,"11":0,"12":0,"13":0,"14":0,"15":0,"16":1,"17":0,"18":0,"19":0,"20":0,"21":0},"f":{"0":1,"1":0,"2":0,"3":0,"4":0,"5":0,"6":0},"b":{"0":[0,0],"1":[1,0]},"_coverageSchema":"43e27e138ebf9cfc5966b082cf9a028302ed4184","hash":"98ad1ea62e0d5972ff2248a77bbee43436fb8a1a"}
,"/home/leonardo/Documents/JS/goBarber_typescript/mobile/src/pages/SignUp/index.tsx": {"path":"/home/leonardo/Documents/JS/goBarber_typescript/mobile/src/pages/SignUp/index.tsx","statementMap":{"0":{"start":{"line":33,"column":25},"end":{"line":150,"column":1}},"1":{"start":{"line":34,"column":20},"end":{"line":34,"column":45}},"2":{"start":{"line":35,"column":26},"end":{"line":35,"column":49}},"3":{"start":{"line":36,"column":29},"end":{"line":36,"column":52}},"4":{"start":{"line":37,"column":23},"end":{"line":37,"column":38}},"5":{"start":{"line":39,"column":25},"end":{"line":80,"column":5}},"6":{"start":{"line":41,"column":12},"end":{"line":77,"column":13}},"7":{"start":{"line":42,"column":16},"end":{"line":42,"column":47}},"8":{"start":{"line":44,"column":31},"end":{"line":50,"column":18}},"9":{"start":{"line":52,"column":16},"end":{"line":54,"column":19}},"10":{"start":{"line":56,"column":16},"end":{"line":56,"column":47}},"11":{"start":{"line":58,"column":16},"end":{"line":61,"column":18}},"12":{"start":{"line":63,"column":16},"end":{"line":63,"column":36}},"13":{"start":{"line":65,"column":16},"end":{"line":71,"column":17}},"14":{"start":{"line":66,"column":35},"end":{"line":66,"column":59}},"15":{"start":{"line":68,"column":20},"end":{"line":68,"column":55}},"16":{"start":{"line":70,"column":20},"end":{"line":70,"column":27}},"17":{"start":{"line":73,"column":16},"end":{"line":76,"column":18}},"18":{"start":{"line":82,"column":4},"end":{"line":149,"column":6}},"19":{"start":{"line":107,"column":36},"end":{"line":107,"column":67}},"20":{"start":{"line":120,"column":36},"end":{"line":120,"column":70}},"21":{"start":{"line":132,"column":36},"end":{"line":132,"column":66}},"22":{"start":{"line":136,"column":47},"end":{"line":136,"column":76}},"23":{"start":{"line":144,"column":41},"end":{"line":144,"column":60}}},"fnMap":{"0":{"name":"(anonymous_0)","decl":{"start":{"line":33,"column":25},"end":{"line":33,"column":26}},"loc":{"start":{"line":33,"column":31},"end":{"line":150,"column":1}},"line":33},"1":{"name":"(anonymous_1)","decl":{"start":{"line":40,"column":8},"end":{"line":40,"column":9}},"loc":{"start":{"line":40,"column":40},"end":{"line":78,"column":9}},"line":40},"2":{"name":"(anonymous_2)","decl":{"start":{"line":106,"column":49},"end":{"line":106,"column":50}},"loc":{"start":{"line":106,"column":55},"end":{"line":108,"column":33}},"line":106},"3":{"name":"(anonymous_3)","decl":{"start":{"line":119,"column":49},"end":{"line":119,"column":50}},"loc":{"start":{"line":119,"column":55},"end":{"line":121,"column":33}},"line":119},"4":{"name":"(anonymous_4)","decl":{"start":{"line":131,"column":49},"end":{"line":131,"column":50}},"loc":{"start":{"line":131,"column":55},"end":{"line":133,"column":33}},"line":131},"5":{"name":"(anonymous_5)","decl":{"start":{"line":136,"column":41},"end":{"line":136,"column":42}},"loc":{"start":{"line":136,"column":47},"end":{"line":136,"column":76}},"line":136},"6":{"name":"(anonymous_6)","decl":{"start":{"line":144,"column":35},"end":{"line":144,"column":36}},"loc":{"start":{"line":144,"column":41},"end":{"line":144,"column":60}},"line":144}},"branchMap":{"0":{"loc":{"start":{"line":65,"column":16},"end":{"line":71,"column":17}},"type":"if","locations":[{"start":{"line":65,"column":16},"end":{"line":71,"column":17}},{"start":{"line":65,"column":16},"end":{"line":71,"column":17}}],"line":65},"1":{"loc":{"start":{"line":86,"column":26},"end":{"line":86,"column":71}},"type":"cond-expr","locations":[{"start":{"line":86,"column":50},"end":{"line":86,"column":59}},{"start":{"line":86,"column":62},"end":{"line":86,"column":71}}],"line":86}},"s":{"0":0,"1":0,"2":0,"3":0,"4":0,"5":0,"6":0,"7":0,"8":0,"9":0,"10":0,"11":0,"12":0,"13":0,"14":0,"15":0,"16":0,"17":0,"18":0,"19":0,"20":0,"21":0,"22":0,"23":0},"f":{"0":0,"1":0,"2":0,"3":0,"4":0,"5":0,"6":0},"b":{"0":[0,0],"1":[0,0]},"hash":"a89f111de9186784c1868a496799b1d24114b999"}
}
