TN:
SF:/home/leonardo/Documents/JS/goBarber_typescript/mobile/src/components/Button/index.tsx
FN:10,(anonymous_0)
FNF:1
FNH:1
FNDA:1,(anonymous_0)
DA:10,1
DA:11,1
LF:2
LH:2
BRF:0
BRH:0
end_of_record
TN:
SF:/home/leonardo/Documents/JS/goBarber_typescript/mobile/src/components/Input/index.tsx
FN:30,(anonymous_0)
FN:44,(anonymous_1)
FN:48,(anonymous_2)
FN:54,(anonymous_3)
FN:55,(anonymous_4)
FN:60,(anonymous_5)
FN:65,(anonymous_6)
FN:69,(anonymous_7)
FN:96,(anonymous_8)
FNF:9
FNH:3
FNDA:2,(anonymous_0)
FNDA:0,(anonymous_1)
FNDA:0,(anonymous_2)
FNDA:1,(anonymous_3)
FNDA:0,(anonymous_4)
FNDA:2,(anonymous_5)
FNDA:0,(anonymous_6)
FNDA:0,(anonymous_7)
FNDA:0,(anonymous_8)
DA:30,1
DA:34,2
DA:36,2
DA:39,2
DA:41,2
DA:42,2
DA:44,2
DA:45,0
DA:48,2
DA:49,0
DA:51,0
DA:54,2
DA:56,0
DA:60,2
DA:61,2
DA:66,0
DA:67,0
DA:70,0
DA:71,0
DA:76,2
DA:97,0
LF:21
LH:12
BRDA:31,0,0,2
BRDA:36,1,0,2
BRDA:86,2,0,0
BRDA:86,2,1,2
BRDA:86,3,0,2
BRDA:86,3,1,2
BRDA:86,3,2,0
BRF:7
BRH:5
end_of_record
TN:
SF:/home/leonardo/Documents/JS/goBarber_typescript/mobile/src/hooks/auth.tsx
FN:38,(anonymous_0)
FN:42,(anonymous_1)
FN:43,loadStorageData
FN:60,(anonymous_3)
FN:78,(anonymous_4)
FN:85,(anonymous_5)
FN:105,useAuth
FNF:7
FNH:1
FNDA:0,(anonymous_0)
FNDA:0,(anonymous_1)
FNDA:0,loadStorageData
FNDA:0,(anonymous_3)
FNDA:0,(anonymous_4)
FNDA:0,(anonymous_5)
FNDA:1,useAuth
DA:36,1
DA:38,1
DA:39,0
DA:40,0
DA:42,0
DA:44,0
DA:49,0
DA:50,0
DA:51,0
DA:54,0
DA:57,0
DA:60,0
DA:61,0
DA:66,0
DA:68,0
DA:73,0
DA:75,0
DA:78,0
DA:79,0
DA:81,0
DA:84,0
DA:86,0
DA:88,0
DA:96,0
DA:106,1
DA:108,1
DA:109,0
DA:112,1
LF:28
LH:5
BRDA:49,0,0,0
BRDA:49,0,1,0
BRDA:49,1,0,0
BRDA:49,1,1,0
BRDA:108,2,0,0
BRDA:108,2,1,1
BRF:6
BRH:1
end_of_record
TN:
SF:/home/leonardo/Documents/JS/goBarber_typescript/mobile/src/pages/AppointmentCreated/index.tsx
FN:20,(anonymous_0)
FN:26,(anonymous_1)
FN:38,(anonymous_2)
FNF:3
FNH:0
FNDA:0,(anonymous_0)
FNDA:0,(anonymous_1)
FNDA:0,(anonymous_2)
DA:20,0
DA:21,0
DA:22,0
DA:24,0
DA:26,0
DA:27,0
DA:37,0
DA:39,0
DA:49,0
LF:9
LH:0
BRF:0
BRH:0
end_of_record
TN:
SF:/home/leonardo/Documents/JS/goBarber_typescript/mobile/src/pages/CreateAppointment/index.tsx
FN:53,(anonymous_0)
FN:70,(anonymous_1)
FN:71,(anonymous_2)
FN:76,(anonymous_3)
FN:83,(anonymous_4)
FN:88,(anonymous_5)
FN:92,(anonymous_6)
FN:96,(anonymous_7)
FN:97,(anonymous_8)
FN:100,(anonymous_9)
FN:107,(anonymous_10)
FN:109,(anonymous_11)
FN:110,(anonymous_12)
FN:117,(anonymous_13)
FN:119,(anonymous_14)
FN:120,(anonymous_15)
FN:127,(anonymous_16)
FN:131,(anonymous_17)
FN:169,(anonymous_18)
FN:170,(anonymous_19)
FN:172,(anonymous_20)
FN:215,(anonymous_21)
FN:220,(anonymous_22)
FN:237,(anonymous_23)
FN:243,(anonymous_24)
FNF:25
FNH:0
FNDA:0,(anonymous_0)
FNDA:0,(anonymous_1)
FNDA:0,(anonymous_2)
FNDA:0,(anonymous_3)
FNDA:0,(anonymous_4)
FNDA:0,(anonymous_5)
FNDA:0,(anonymous_6)
FNDA:0,(anonymous_7)
FNDA:0,(anonymous_8)
FNDA:0,(anonymous_9)
FNDA:0,(anonymous_10)
FNDA:0,(anonymous_11)
FNDA:0,(anonymous_12)
FNDA:0,(anonymous_13)
FNDA:0,(anonymous_14)
FNDA:0,(anonymous_15)
FNDA:0,(anonymous_16)
FNDA:0,(anonymous_17)
FNDA:0,(anonymous_18)
FNDA:0,(anonymous_19)
FNDA:0,(anonymous_20)
FNDA:0,(anonymous_21)
FNDA:0,(anonymous_22)
FNDA:0,(anonymous_23)
FNDA:0,(anonymous_24)
DA:53,0
DA:54,0
DA:55,0
DA:57,0
DA:59,0
DA:61,0
DA:62,0
DA:63,0
DA:64,0
DA:65,0
DA:66,0
DA:70,0
DA:71,0
DA:72,0
DA:76,0
DA:77,0
DA:84,0
DA:88,0
DA:89,0
DA:92,0
DA:93,0
DA:96,0
DA:97,0
DA:100,0
DA:101,0
DA:102,0
DA:104,0
DA:107,0
DA:108,0
DA:109,0
DA:110,0
DA:117,0
DA:118,0
DA:119,0
DA:120,0
DA:127,0
DA:128,0
DA:131,0
DA:132,0
DA:133,0
DA:135,0
DA:136,0
DA:138,0
DA:143,0
DA:145,0
DA:152,0
DA:169,0
DA:171,0
DA:173,0
DA:216,0
DA:220,0
DA:238,0
DA:243,0
LF:53
LH:0
BRDA:101,0,0,0
BRDA:101,0,1,0
BRDA:104,1,0,0
BRDA:104,1,1,0
BRDA:198,2,0,0
BRDA:198,2,1,0
BRF:6
BRH:0
end_of_record
TN:
SF:/home/leonardo/Documents/JS/goBarber_typescript/mobile/src/pages/Dashboard/index.tsx
FN:31,(anonymous_0)
FN:36,(anonymous_1)
FN:40,(anonymous_2)
FN:41,(anonymous_3)
FN:47,(anonymous_4)
FN:68,(anonymous_5)
FN:72,(anonymous_6)
FN:74,(anonymous_7)
FNF:8
FNH:0
FNDA:0,(anonymous_0)
FNDA:0,(anonymous_1)
FNDA:0,(anonymous_2)
FNDA:0,(anonymous_3)
FNDA:0,(anonymous_4)
FNDA:0,(anonymous_5)
FNDA:0,(anonymous_6)
FNDA:0,(anonymous_7)
DA:31,0
DA:32,0
DA:33,0
DA:34,0
DA:36,0
DA:37,0
DA:40,0
DA:41,0
DA:42,0
DA:46,0
DA:48,0
DA:53,0
DA:68,0
DA:73,0
DA:74,0
LF:15
LH:0
BRF:0
BRH:0
end_of_record
TN:
SF:/home/leonardo/Documents/JS/goBarber_typescript/mobile/src/pages/Profile/index.tsx
FN:41,(anonymous_0)
FN:52,(anonymous_1)
FN:60,(anonymous_2)
FN:76,(anonymous_3)
FN:84,(anonymous_4)
FN:95,(anonymous_5)
FN:101,(anonymous_6)
FN:160,(anonymous_7)
FN:201,(anonymous_8)
FN:214,(anonymous_9)
FN:227,(anonymous_10)
FN:239,(anonymous_11)
FN:251,(anonymous_12)
FN:256,(anonymous_13)
FNF:14
FNH:0
FNDA:0,(anonymous_0)
FNDA:0,(anonymous_1)
FNDA:0,(anonymous_2)
FNDA:0,(anonymous_3)
FNDA:0,(anonymous_4)
FNDA:0,(anonymous_5)
FNDA:0,(anonymous_6)
FNDA:0,(anonymous_7)
FNDA:0,(anonymous_8)
FNDA:0,(anonymous_9)
FNDA:0,(anonymous_10)
FNDA:0,(anonymous_11)
FNDA:0,(anonymous_12)
FNDA:0,(anonymous_13)
DA:41,0
DA:42,0
DA:44,0
DA:45,0
DA:46,0
DA:47,0
DA:48,0
DA:50,0
DA:52,0
DA:53,0
DA:61,0
DA:62,0
DA:64,0
DA:65,0
DA:66,0
DA:68,0
DA:70,0
DA:76,0
DA:77,0
DA:83,0
DA:85,0
DA:86,0
DA:88,0
DA:95,0
DA:101,0
DA:111,0
DA:121,0
DA:123,0
DA:135,0
DA:137,0
DA:139,0
DA:141,0
DA:143,0
DA:144,0
DA:146,0
DA:148,0
DA:151,0
DA:160,0
DA:161,0
DA:164,0
DA:202,0
DA:215,0
DA:228,0
DA:240,0
DA:252,0
DA:256,0
LF:46
LH:0
BRDA:61,0,0,0
BRDA:61,0,1,0
BRDA:64,1,0,0
BRDA:64,1,1,0
BRDA:126,2,0,0
BRDA:126,2,1,0
BRDA:143,3,0,0
BRDA:143,3,1,0
BRDA:168,4,0,0
BRDA:168,4,1,0
BRF:10
BRH:0
end_of_record
TN:
SF:/home/leonardo/Documents/JS/goBarber_typescript/mobile/src/pages/SignIn/index.tsx
FN:40,(anonymous_0)
FN:49,(anonymous_1)
FN:111,(anonymous_2)
FN:122,(anonymous_3)
FN:127,(anonymous_4)
FN:136,(anonymous_5)
FN:147,(anonymous_6)
FNF:7
FNH:1
FNDA:1,(anonymous_0)
FNDA:0,(anonymous_1)
FNDA:0,(anonymous_2)
FNDA:0,(anonymous_3)
FNDA:0,(anonymous_4)
FNDA:0,(anonymous_5)
FNDA:0,(anonymous_6)
DA:40,1
DA:41,1
DA:42,1
DA:44,1
DA:46,1
DA:48,1
DA:50,0
DA:51,0
DA:53,0
DA:60,0
DA:64,0
DA:69,0
DA:70,0
DA:71,0
DA:72,0
DA:75,0
DA:84,1
DA:112,0
DA:123,0
DA:128,0
DA:137,0
DA:147,0
LF:22
LH:7
BRDA:69,0,0,0
BRDA:69,0,1,0
BRDA:88,1,0,1
BRDA:88,1,1,0
BRF:4
BRH:1
end_of_record
TN:
SF:/home/leonardo/Documents/JS/goBarber_typescript/mobile/src/pages/SignUp/index.tsx
FN:33,(anonymous_0)
FN:40,(anonymous_1)
FN:106,(anonymous_2)
FN:119,(anonymous_3)
FN:131,(anonymous_4)
FN:136,(anonymous_5)
FN:144,(anonymous_6)
FNF:7
FNH:0
FNDA:0,(anonymous_0)
FNDA:0,(anonymous_1)
FNDA:0,(anonymous_2)
FNDA:0,(anonymous_3)
FNDA:0,(anonymous_4)
FNDA:0,(anonymous_5)
FNDA:0,(anonymous_6)
DA:33,0
DA:34,0
DA:35,0
DA:36,0
DA:37,0
DA:39,0
DA:41,0
DA:42,0
DA:44,0
DA:52,0
DA:56,0
DA:58,0
DA:63,0
DA:65,0
DA:66,0
DA:68,0
DA:70,0
DA:73,0
DA:82,0
DA:107,0
DA:120,0
DA:132,0
DA:136,0
DA:144,0
LF:24
LH:0
BRDA:65,0,0,0
BRDA:65,0,1,0
BRDA:86,1,0,0
BRDA:86,1,1,0
BRF:4
BRH:0
end_of_record
